<?xml version="1.0" encoding="UTF-8"?>
<robot generator="Robot 4.1.3 (Python 3.8.5 on win32)" generated="20220413 16:52:02.927" rpa="false" schemaversion="2">
<suite id="s1" name="Form" source="F:\Programming\Python\Skillbox_tests\tests\Form.robot">
<test id="s1-t1" name="Submit with correct data">
<kw name="Begin Web Test" library="common" type="SETUP">
<kw name="Open Browser" library="SeleniumLibrary">
<arg>about:blank</arg>
<arg>${BROWSER}</arg>
<doc>Opens a new browser instance to the optional ``url``.</doc>
<msg timestamp="20220413 16:52:03.215" level="INFO">Opening browser 'headlesschrome' to base url 'about:blank'.</msg>
<status status="PASS" starttime="20220413 16:52:03.215" endtime="20220413 16:52:04.571"/>
</kw>
<kw name="Maximize Browser Window" library="SeleniumLibrary">
<doc>Maximizes current browser window.</doc>
<status status="PASS" starttime="20220413 16:52:04.571" endtime="20220413 16:52:04.683"/>
</kw>
<status status="PASS" starttime="20220413 16:52:03.215" endtime="20220413 16:52:04.684"/>
</kw>
<kw name="Open Form" library="FormApp">
<kw name="Go To" library="SeleniumLibrary">
<arg>${URL}</arg>
<doc>Navigates the current browser window to the provided ``url``.</doc>
<msg timestamp="20220413 16:52:04.685" level="INFO">Opening url 'http://test-form.sibirix.ru/'</msg>
<status status="PASS" starttime="20220413 16:52:04.685" endtime="20220413 16:52:04.858"/>
</kw>
<kw name="Wait Until Page Contains" library="SeleniumLibrary">
<arg>Представьтесь, пожалуйста</arg>
<doc>Waits until ``text`` appears on the current page.</doc>
<status status="PASS" starttime="20220413 16:52:04.858" endtime="20220413 16:52:04.868"/>
</kw>
<status status="PASS" starttime="20220413 16:52:04.684" endtime="20220413 16:52:04.869"/>
</kw>
<kw name="Fill Data" library="FormApp">
<arg>${Correct_name}</arg>
<arg>${Correct_email}</arg>
<arg>${Correct_phone}</arg>
<arg>${Correct_about}</arg>
<kw name="Fill Name Field" library="FormApp">
<arg>${Name}</arg>
<kw name="Input Text" library="SeleniumLibrary">
<arg>${NAME_FIELD}</arg>
<arg>${Name}</arg>
<doc>Types the given ``text`` into the text field identified by ``locator``.</doc>
<msg timestamp="20220413 16:52:04.870" level="INFO">Typing text 'Вася' into text field 'xpath=/html/body/div[1]/div/form/label[1]/input'.</msg>
<status status="PASS" starttime="20220413 16:52:04.870" endtime="20220413 16:52:04.935"/>
</kw>
<status status="PASS" starttime="20220413 16:52:04.869" endtime="20220413 16:52:04.935"/>
</kw>
<kw name="Fill Email Field" library="FormApp">
<arg>${Email}</arg>
<kw name="Input Text" library="SeleniumLibrary">
<arg>${EMAIL_FIELD}</arg>
<arg>${Email}</arg>
<doc>Types the given ``text`` into the text field identified by ``locator``.</doc>
<msg timestamp="20220413 16:52:04.936" level="INFO">Typing text 'karl@gmail.com' into text field 'xpath=/html/body/div[1]/div/form/label[2]/input'.</msg>
<status status="PASS" starttime="20220413 16:52:04.936" endtime="20220413 16:52:05.009"/>
</kw>
<status status="PASS" starttime="20220413 16:52:04.935" endtime="20220413 16:52:05.009"/>
</kw>
<kw name="Fill Phone Field" library="FormApp">
<arg>${Phone}</arg>
<kw name="Input Text" library="SeleniumLibrary">
<arg>${PHONE_FIELD}</arg>
<arg>${Phone}</arg>
<doc>Types the given ``text`` into the text field identified by ``locator``.</doc>
<msg timestamp="20220413 16:52:05.010" level="INFO">Typing text '89997897898' into text field 'xpath=/html/body/div[1]/div/form/label[3]/input'.</msg>
<status status="PASS" starttime="20220413 16:52:05.010" endtime="20220413 16:52:05.080"/>
</kw>
<status status="PASS" starttime="20220413 16:52:05.009" endtime="20220413 16:52:05.080"/>
</kw>
<kw name="Fill About Project Field" library="FormApp">
<arg>${About}</arg>
<kw name="Input Text" library="SeleniumLibrary">
<arg>${ABOUT_FIELD}</arg>
<arg>${About}</arg>
<doc>Types the given ``text`` into the text field identified by ``locator``.</doc>
<msg timestamp="20220413 16:52:05.081" level="INFO">Typing text 'Хороший проект' into text field 'xpath=/html/body/div[1]/div/form/label[4]/textarea'.</msg>
<status status="PASS" starttime="20220413 16:52:05.080" endtime="20220413 16:52:05.148"/>
</kw>
<status status="PASS" starttime="20220413 16:52:05.080" endtime="20220413 16:52:05.148"/>
</kw>
<status status="PASS" starttime="20220413 16:52:04.869" endtime="20220413 16:52:05.148"/>
</kw>
<kw name="Correct Submit" library="FormApp">
<kw name="Click Button" library="SeleniumLibrary">
<arg>Оставить заявку</arg>
<doc>Clicks the button identified by ``locator``.</doc>
<msg timestamp="20220413 16:52:05.149" level="INFO">Clicking button 'Оставить заявку'.</msg>
<status status="PASS" starttime="20220413 16:52:05.148" endtime="20220413 16:52:05.284"/>
</kw>
<kw name="Wait Until Page Contains" library="SeleniumLibrary">
<arg>Сообщение успешно отправлено!</arg>
<doc>Waits until ``text`` appears on the current page.</doc>
<status status="PASS" starttime="20220413 16:52:05.284" endtime="20220413 16:52:05.294"/>
</kw>
<status status="PASS" starttime="20220413 16:52:05.148" endtime="20220413 16:52:05.294"/>
</kw>
<kw name="End Web Test" library="common" type="TEARDOWN">
<kw name="Close Browser" library="SeleniumLibrary">
<doc>Closes the current browser.</doc>
<status status="PASS" starttime="20220413 16:52:05.295" endtime="20220413 16:52:07.368"/>
</kw>
<status status="PASS" starttime="20220413 16:52:05.294" endtime="20220413 16:52:07.369"/>
</kw>
<status status="PASS" starttime="20220413 16:52:03.214" endtime="20220413 16:52:07.369"/>
</test>
<test id="s1-t2" name="Submit with empty name">
<kw name="Begin Web Test" library="common" type="SETUP">
<kw name="Open Browser" library="SeleniumLibrary">
<arg>about:blank</arg>
<arg>${BROWSER}</arg>
<doc>Opens a new browser instance to the optional ``url``.</doc>
<msg timestamp="20220413 16:52:07.372" level="INFO">Opening browser 'headlesschrome' to base url 'about:blank'.</msg>
<status status="PASS" starttime="20220413 16:52:07.371" endtime="20220413 16:52:08.669"/>
</kw>
<kw name="Maximize Browser Window" library="SeleniumLibrary">
<doc>Maximizes current browser window.</doc>
<status status="PASS" starttime="20220413 16:52:08.669" endtime="20220413 16:52:08.789"/>
</kw>
<status status="PASS" starttime="20220413 16:52:07.371" endtime="20220413 16:52:08.790"/>
</kw>
<kw name="Open Form" library="FormApp">
<kw name="Go To" library="SeleniumLibrary">
<arg>${URL}</arg>
<doc>Navigates the current browser window to the provided ``url``.</doc>
<msg timestamp="20220413 16:52:08.794" level="INFO">Opening url 'http://test-form.sibirix.ru/'</msg>
<status status="PASS" starttime="20220413 16:52:08.793" endtime="20220413 16:52:08.977"/>
</kw>
<kw name="Wait Until Page Contains" library="SeleniumLibrary">
<arg>Представьтесь, пожалуйста</arg>
<doc>Waits until ``text`` appears on the current page.</doc>
<status status="PASS" starttime="20220413 16:52:08.977" endtime="20220413 16:52:08.989"/>
</kw>
<status status="PASS" starttime="20220413 16:52:08.792" endtime="20220413 16:52:08.989"/>
</kw>
<kw name="Fill Data" library="FormApp">
<arg>${EMPTY}</arg>
<arg>${Correct_email}</arg>
<arg>${Correct_phone}</arg>
<arg>${Correct_about}</arg>
<kw name="Fill Name Field" library="FormApp">
<arg>${Name}</arg>
<kw name="Input Text" library="SeleniumLibrary">
<arg>${NAME_FIELD}</arg>
<arg>${Name}</arg>
<doc>Types the given ``text`` into the text field identified by ``locator``.</doc>
<msg timestamp="20220413 16:52:08.992" level="INFO">Typing text '' into text field 'xpath=/html/body/div[1]/div/form/label[1]/input'.</msg>
<status status="PASS" starttime="20220413 16:52:08.991" endtime="20220413 16:52:09.060"/>
</kw>
<status status="PASS" starttime="20220413 16:52:08.991" endtime="20220413 16:52:09.061"/>
</kw>
<kw name="Fill Email Field" library="FormApp">
<arg>${Email}</arg>
<kw name="Input Text" library="SeleniumLibrary">
<arg>${EMAIL_FIELD}</arg>
<arg>${Email}</arg>
<doc>Types the given ``text`` into the text field identified by ``locator``.</doc>
<msg timestamp="20220413 16:52:09.062" level="INFO">Typing text 'karl@gmail.com' into text field 'xpath=/html/body/div[1]/div/form/label[2]/input'.</msg>
<status status="PASS" starttime="20220413 16:52:09.061" endtime="20220413 16:52:09.130"/>
</kw>
<status status="PASS" starttime="20220413 16:52:09.061" endtime="20220413 16:52:09.130"/>
</kw>
<kw name="Fill Phone Field" library="FormApp">
<arg>${Phone}</arg>
<kw name="Input Text" library="SeleniumLibrary">
<arg>${PHONE_FIELD}</arg>
<arg>${Phone}</arg>
<doc>Types the given ``text`` into the text field identified by ``locator``.</doc>
<msg timestamp="20220413 16:52:09.131" level="INFO">Typing text '89997897898' into text field 'xpath=/html/body/div[1]/div/form/label[3]/input'.</msg>
<status status="PASS" starttime="20220413 16:52:09.131" endtime="20220413 16:52:09.197"/>
</kw>
<status status="PASS" starttime="20220413 16:52:09.131" endtime="20220413 16:52:09.197"/>
</kw>
<kw name="Fill About Project Field" library="FormApp">
<arg>${About}</arg>
<kw name="Input Text" library="SeleniumLibrary">
<arg>${ABOUT_FIELD}</arg>
<arg>${About}</arg>
<doc>Types the given ``text`` into the text field identified by ``locator``.</doc>
<msg timestamp="20220413 16:52:09.198" level="INFO">Typing text 'Хороший проект' into text field 'xpath=/html/body/div[1]/div/form/label[4]/textarea'.</msg>
<status status="PASS" starttime="20220413 16:52:09.198" endtime="20220413 16:52:09.264"/>
</kw>
<status status="PASS" starttime="20220413 16:52:09.197" endtime="20220413 16:52:09.265"/>
</kw>
<status status="PASS" starttime="20220413 16:52:08.989" endtime="20220413 16:52:09.265"/>
</kw>
<kw name="Submit Empty" library="FormApp">
<kw name="Click Button" library="SeleniumLibrary">
<arg>Оставить заявку</arg>
<doc>Clicks the button identified by ``locator``.</doc>
<msg timestamp="20220413 16:52:09.266" level="INFO">Clicking button 'Оставить заявку'.</msg>
<status status="PASS" starttime="20220413 16:52:09.265" endtime="20220413 16:52:09.315"/>
</kw>
<kw name="Page Should Contain" library="SeleniumLibrary">
<arg>${EMPTY_FIELD_ERROR_MESSAGE}</arg>
<doc>Verifies that current page contains ``text``.</doc>
<msg timestamp="20220413 16:52:09.327" level="INFO">Current page contains text 'Запонлите поле'.</msg>
<status status="PASS" starttime="20220413 16:52:09.315" endtime="20220413 16:52:09.327"/>
</kw>
<status status="PASS" starttime="20220413 16:52:09.265" endtime="20220413 16:52:09.327"/>
</kw>
<kw name="End Web Test" library="common" type="TEARDOWN">
<kw name="Close Browser" library="SeleniumLibrary">
<doc>Closes the current browser.</doc>
<status status="PASS" starttime="20220413 16:52:09.328" endtime="20220413 16:52:11.397"/>
</kw>
<status status="PASS" starttime="20220413 16:52:09.328" endtime="20220413 16:52:11.397"/>
</kw>
<status status="PASS" starttime="20220413 16:52:07.370" endtime="20220413 16:52:11.398"/>
</test>
<test id="s1-t3" name="Submit with empty email">
<kw name="Begin Web Test" library="common" type="SETUP">
<kw name="Open Browser" library="SeleniumLibrary">
<arg>about:blank</arg>
<arg>${BROWSER}</arg>
<doc>Opens a new browser instance to the optional ``url``.</doc>
<msg timestamp="20220413 16:52:11.404" level="INFO">Opening browser 'headlesschrome' to base url 'about:blank'.</msg>
<status status="PASS" starttime="20220413 16:52:11.404" endtime="20220413 16:52:12.748"/>
</kw>
<kw name="Maximize Browser Window" library="SeleniumLibrary">
<doc>Maximizes current browser window.</doc>
<status status="PASS" starttime="20220413 16:52:12.749" endtime="20220413 16:52:12.859"/>
</kw>
<status status="PASS" starttime="20220413 16:52:11.403" endtime="20220413 16:52:12.859"/>
</kw>
<kw name="Open Form" library="FormApp">
<kw name="Go To" library="SeleniumLibrary">
<arg>${URL}</arg>
<doc>Navigates the current browser window to the provided ``url``.</doc>
<msg timestamp="20220413 16:52:12.860" level="INFO">Opening url 'http://test-form.sibirix.ru/'</msg>
<status status="PASS" starttime="20220413 16:52:12.860" endtime="20220413 16:52:13.020"/>
</kw>
<kw name="Wait Until Page Contains" library="SeleniumLibrary">
<arg>Представьтесь, пожалуйста</arg>
<doc>Waits until ``text`` appears on the current page.</doc>
<status status="PASS" starttime="20220413 16:52:13.020" endtime="20220413 16:52:13.031"/>
</kw>
<status status="PASS" starttime="20220413 16:52:12.860" endtime="20220413 16:52:13.031"/>
</kw>
<kw name="Fill Data" library="FormApp">
<arg>${Correct_name}</arg>
<arg>${EMPTY}</arg>
<arg>${Correct_phone}</arg>
<arg>${Correct_about}</arg>
<kw name="Fill Name Field" library="FormApp">
<arg>${Name}</arg>
<kw name="Input Text" library="SeleniumLibrary">
<arg>${NAME_FIELD}</arg>
<arg>${Name}</arg>
<doc>Types the given ``text`` into the text field identified by ``locator``.</doc>
<msg timestamp="20220413 16:52:13.033" level="INFO">Typing text 'Вася' into text field 'xpath=/html/body/div[1]/div/form/label[1]/input'.</msg>
<status status="PASS" starttime="20220413 16:52:13.033" endtime="20220413 16:52:13.097"/>
</kw>
<status status="PASS" starttime="20220413 16:52:13.033" endtime="20220413 16:52:13.097"/>
</kw>
<kw name="Fill Email Field" library="FormApp">
<arg>${Email}</arg>
<kw name="Input Text" library="SeleniumLibrary">
<arg>${EMAIL_FIELD}</arg>
<arg>${Email}</arg>
<doc>Types the given ``text`` into the text field identified by ``locator``.</doc>
<msg timestamp="20220413 16:52:13.098" level="INFO">Typing text '' into text field 'xpath=/html/body/div[1]/div/form/label[2]/input'.</msg>
<status status="PASS" starttime="20220413 16:52:13.098" endtime="20220413 16:52:13.159"/>
</kw>
<status status="PASS" starttime="20220413 16:52:13.097" endtime="20220413 16:52:13.160"/>
</kw>
<kw name="Fill Phone Field" library="FormApp">
<arg>${Phone}</arg>
<kw name="Input Text" library="SeleniumLibrary">
<arg>${PHONE_FIELD}</arg>
<arg>${Phone}</arg>
<doc>Types the given ``text`` into the text field identified by ``locator``.</doc>
<msg timestamp="20220413 16:52:13.160" level="INFO">Typing text '89997897898' into text field 'xpath=/html/body/div[1]/div/form/label[3]/input'.</msg>
<status status="PASS" starttime="20220413 16:52:13.160" endtime="20220413 16:52:13.230"/>
</kw>
<status status="PASS" starttime="20220413 16:52:13.160" endtime="20220413 16:52:13.230"/>
</kw>
<kw name="Fill About Project Field" library="FormApp">
<arg>${About}</arg>
<kw name="Input Text" library="SeleniumLibrary">
<arg>${ABOUT_FIELD}</arg>
<arg>${About}</arg>
<doc>Types the given ``text`` into the text field identified by ``locator``.</doc>
<msg timestamp="20220413 16:52:13.231" level="INFO">Typing text 'Хороший проект' into text field 'xpath=/html/body/div[1]/div/form/label[4]/textarea'.</msg>
<status status="PASS" starttime="20220413 16:52:13.231" endtime="20220413 16:52:13.299"/>
</kw>
<status status="PASS" starttime="20220413 16:52:13.231" endtime="20220413 16:52:13.299"/>
</kw>
<status status="PASS" starttime="20220413 16:52:13.032" endtime="20220413 16:52:13.299"/>
</kw>
<kw name="Submit Empty" library="FormApp">
<kw name="Click Button" library="SeleniumLibrary">
<arg>Оставить заявку</arg>
<doc>Clicks the button identified by ``locator``.</doc>
<msg timestamp="20220413 16:52:13.300" level="INFO">Clicking button 'Оставить заявку'.</msg>
<status status="PASS" starttime="20220413 16:52:13.300" endtime="20220413 16:52:13.349"/>
</kw>
<kw name="Page Should Contain" library="SeleniumLibrary">
<arg>${EMPTY_FIELD_ERROR_MESSAGE}</arg>
<doc>Verifies that current page contains ``text``.</doc>
<msg timestamp="20220413 16:52:13.361" level="INFO">Current page contains text 'Запонлите поле'.</msg>
<status status="PASS" starttime="20220413 16:52:13.350" endtime="20220413 16:52:13.361"/>
</kw>
<status status="PASS" starttime="20220413 16:52:13.300" endtime="20220413 16:52:13.361"/>
</kw>
<kw name="End Web Test" library="common" type="TEARDOWN">
<kw name="Close Browser" library="SeleniumLibrary">
<doc>Closes the current browser.</doc>
<status status="PASS" starttime="20220413 16:52:13.362" endtime="20220413 16:52:15.426"/>
</kw>
<status status="PASS" starttime="20220413 16:52:13.362" endtime="20220413 16:52:15.426"/>
</kw>
<status status="PASS" starttime="20220413 16:52:11.401" endtime="20220413 16:52:15.426"/>
</test>
<test id="s1-t4" name="Submit with empty phone">
<kw name="Begin Web Test" library="common" type="SETUP">
<kw name="Open Browser" library="SeleniumLibrary">
<arg>about:blank</arg>
<arg>${BROWSER}</arg>
<doc>Opens a new browser instance to the optional ``url``.</doc>
<msg timestamp="20220413 16:52:15.429" level="INFO">Opening browser 'headlesschrome' to base url 'about:blank'.</msg>
<status status="PASS" starttime="20220413 16:52:15.428" endtime="20220413 16:52:16.755"/>
</kw>
<kw name="Maximize Browser Window" library="SeleniumLibrary">
<doc>Maximizes current browser window.</doc>
<status status="PASS" starttime="20220413 16:52:16.755" endtime="20220413 16:52:16.874"/>
</kw>
<status status="PASS" starttime="20220413 16:52:15.428" endtime="20220413 16:52:16.875"/>
</kw>
<kw name="Open Form" library="FormApp">
<kw name="Go To" library="SeleniumLibrary">
<arg>${URL}</arg>
<doc>Navigates the current browser window to the provided ``url``.</doc>
<msg timestamp="20220413 16:52:16.877" level="INFO">Opening url 'http://test-form.sibirix.ru/'</msg>
<status status="PASS" starttime="20220413 16:52:16.877" endtime="20220413 16:52:17.047"/>
</kw>
<kw name="Wait Until Page Contains" library="SeleniumLibrary">
<arg>Представьтесь, пожалуйста</arg>
<doc>Waits until ``text`` appears on the current page.</doc>
<status status="PASS" starttime="20220413 16:52:17.047" endtime="20220413 16:52:17.058"/>
</kw>
<status status="PASS" starttime="20220413 16:52:16.876" endtime="20220413 16:52:17.058"/>
</kw>
<kw name="Fill Data" library="FormApp">
<arg>${Correct_name}</arg>
<arg>${Correct_email}</arg>
<arg>${EMPTY}</arg>
<arg>${Correct_about}</arg>
<kw name="Fill Name Field" library="FormApp">
<arg>${Name}</arg>
<kw name="Input Text" library="SeleniumLibrary">
<arg>${NAME_FIELD}</arg>
<arg>${Name}</arg>
<doc>Types the given ``text`` into the text field identified by ``locator``.</doc>
<msg timestamp="20220413 16:52:17.060" level="INFO">Typing text 'Вася' into text field 'xpath=/html/body/div[1]/div/form/label[1]/input'.</msg>
<status status="PASS" starttime="20220413 16:52:17.060" endtime="20220413 16:52:17.127"/>
</kw>
<status status="PASS" starttime="20220413 16:52:17.059" endtime="20220413 16:52:17.127"/>
</kw>
<kw name="Fill Email Field" library="FormApp">
<arg>${Email}</arg>
<kw name="Input Text" library="SeleniumLibrary">
<arg>${EMAIL_FIELD}</arg>
<arg>${Email}</arg>
<doc>Types the given ``text`` into the text field identified by ``locator``.</doc>
<msg timestamp="20220413 16:52:17.128" level="INFO">Typing text 'karl@gmail.com' into text field 'xpath=/html/body/div[1]/div/form/label[2]/input'.</msg>
<status status="PASS" starttime="20220413 16:52:17.127" endtime="20220413 16:52:17.206"/>
</kw>
<status status="PASS" starttime="20220413 16:52:17.127" endtime="20220413 16:52:17.206"/>
</kw>
<kw name="Fill Phone Field" library="FormApp">
<arg>${Phone}</arg>
<kw name="Input Text" library="SeleniumLibrary">
<arg>${PHONE_FIELD}</arg>
<arg>${Phone}</arg>
<doc>Types the given ``text`` into the text field identified by ``locator``.</doc>
<msg timestamp="20220413 16:52:17.207" level="INFO">Typing text '' into text field 'xpath=/html/body/div[1]/div/form/label[3]/input'.</msg>
<status status="PASS" starttime="20220413 16:52:17.207" endtime="20220413 16:52:17.268"/>
</kw>
<status status="PASS" starttime="20220413 16:52:17.207" endtime="20220413 16:52:17.268"/>
</kw>
<kw name="Fill About Project Field" library="FormApp">
<arg>${About}</arg>
<kw name="Input Text" library="SeleniumLibrary">
<arg>${ABOUT_FIELD}</arg>
<arg>${About}</arg>
<doc>Types the given ``text`` into the text field identified by ``locator``.</doc>
<msg timestamp="20220413 16:52:17.269" level="INFO">Typing text 'Хороший проект' into text field 'xpath=/html/body/div[1]/div/form/label[4]/textarea'.</msg>
<status status="PASS" starttime="20220413 16:52:17.269" endtime="20220413 16:52:17.334"/>
</kw>
<status status="PASS" starttime="20220413 16:52:17.269" endtime="20220413 16:52:17.334"/>
</kw>
<status status="PASS" starttime="20220413 16:52:17.058" endtime="20220413 16:52:17.335"/>
</kw>
<kw name="Submit Empty" library="FormApp">
<kw name="Click Button" library="SeleniumLibrary">
<arg>Оставить заявку</arg>
<doc>Clicks the button identified by ``locator``.</doc>
<msg timestamp="20220413 16:52:17.335" level="INFO">Clicking button 'Оставить заявку'.</msg>
<status status="PASS" starttime="20220413 16:52:17.335" endtime="20220413 16:52:17.382"/>
</kw>
<kw name="Page Should Contain" library="SeleniumLibrary">
<arg>${EMPTY_FIELD_ERROR_MESSAGE}</arg>
<doc>Verifies that current page contains ``text``.</doc>
<msg timestamp="20220413 16:52:17.393" level="INFO">Current page contains text 'Запонлите поле'.</msg>
<status status="PASS" starttime="20220413 16:52:17.382" endtime="20220413 16:52:17.393"/>
</kw>
<status status="PASS" starttime="20220413 16:52:17.335" endtime="20220413 16:52:17.393"/>
</kw>
<kw name="End Web Test" library="common" type="TEARDOWN">
<kw name="Close Browser" library="SeleniumLibrary">
<doc>Closes the current browser.</doc>
<status status="PASS" starttime="20220413 16:52:17.394" endtime="20220413 16:52:19.466"/>
</kw>
<status status="PASS" starttime="20220413 16:52:17.394" endtime="20220413 16:52:19.466"/>
</kw>
<status status="PASS" starttime="20220413 16:52:15.427" endtime="20220413 16:52:19.467"/>
</test>
<test id="s1-t5" name="Submit with empty about">
<kw name="Begin Web Test" library="common" type="SETUP">
<kw name="Open Browser" library="SeleniumLibrary">
<arg>about:blank</arg>
<arg>${BROWSER}</arg>
<doc>Opens a new browser instance to the optional ``url``.</doc>
<msg timestamp="20220413 16:52:19.474" level="INFO">Opening browser 'headlesschrome' to base url 'about:blank'.</msg>
<status status="PASS" starttime="20220413 16:52:19.473" endtime="20220413 16:52:20.807"/>
</kw>
<kw name="Maximize Browser Window" library="SeleniumLibrary">
<doc>Maximizes current browser window.</doc>
<status status="PASS" starttime="20220413 16:52:20.808" endtime="20220413 16:52:20.934"/>
</kw>
<status status="PASS" starttime="20220413 16:52:19.472" endtime="20220413 16:52:20.935"/>
</kw>
<kw name="Open Form" library="FormApp">
<kw name="Go To" library="SeleniumLibrary">
<arg>${URL}</arg>
<doc>Navigates the current browser window to the provided ``url``.</doc>
<msg timestamp="20220413 16:52:20.938" level="INFO">Opening url 'http://test-form.sibirix.ru/'</msg>
<status status="PASS" starttime="20220413 16:52:20.938" endtime="20220413 16:52:21.137"/>
</kw>
<kw name="Wait Until Page Contains" library="SeleniumLibrary">
<arg>Представьтесь, пожалуйста</arg>
<doc>Waits until ``text`` appears on the current page.</doc>
<status status="PASS" starttime="20220413 16:52:21.137" endtime="20220413 16:52:21.147"/>
</kw>
<status status="PASS" starttime="20220413 16:52:20.936" endtime="20220413 16:52:21.147"/>
</kw>
<kw name="Fill Data" library="FormApp">
<arg>${Correct_name}</arg>
<arg>${Correct_email}</arg>
<arg>${Correct_phone}</arg>
<arg>${EMPTY}</arg>
<kw name="Fill Name Field" library="FormApp">
<arg>${Name}</arg>
<kw name="Input Text" library="SeleniumLibrary">
<arg>${NAME_FIELD}</arg>
<arg>${Name}</arg>
<doc>Types the given ``text`` into the text field identified by ``locator``.</doc>
<msg timestamp="20220413 16:52:21.149" level="INFO">Typing text 'Вася' into text field 'xpath=/html/body/div[1]/div/form/label[1]/input'.</msg>
<status status="PASS" starttime="20220413 16:52:21.149" endtime="20220413 16:52:21.212"/>
</kw>
<status status="PASS" starttime="20220413 16:52:21.148" endtime="20220413 16:52:21.212"/>
</kw>
<kw name="Fill Email Field" library="FormApp">
<arg>${Email}</arg>
<kw name="Input Text" library="SeleniumLibrary">
<arg>${EMAIL_FIELD}</arg>
<arg>${Email}</arg>
<doc>Types the given ``text`` into the text field identified by ``locator``.</doc>
<msg timestamp="20220413 16:52:21.213" level="INFO">Typing text 'karl@gmail.com' into text field 'xpath=/html/body/div[1]/div/form/label[2]/input'.</msg>
<status status="PASS" starttime="20220413 16:52:21.213" endtime="20220413 16:52:21.285"/>
</kw>
<status status="PASS" starttime="20220413 16:52:21.213" endtime="20220413 16:52:21.285"/>
</kw>
<kw name="Fill Phone Field" library="FormApp">
<arg>${Phone}</arg>
<kw name="Input Text" library="SeleniumLibrary">
<arg>${PHONE_FIELD}</arg>
<arg>${Phone}</arg>
<doc>Types the given ``text`` into the text field identified by ``locator``.</doc>
<msg timestamp="20220413 16:52:21.285" level="INFO">Typing text '89997897898' into text field 'xpath=/html/body/div[1]/div/form/label[3]/input'.</msg>
<status status="PASS" starttime="20220413 16:52:21.285" endtime="20220413 16:52:21.351"/>
</kw>
<status status="PASS" starttime="20220413 16:52:21.285" endtime="20220413 16:52:21.351"/>
</kw>
<kw name="Fill About Project Field" library="FormApp">
<arg>${About}</arg>
<kw name="Input Text" library="SeleniumLibrary">
<arg>${ABOUT_FIELD}</arg>
<arg>${About}</arg>
<doc>Types the given ``text`` into the text field identified by ``locator``.</doc>
<msg timestamp="20220413 16:52:21.352" level="INFO">Typing text '' into text field 'xpath=/html/body/div[1]/div/form/label[4]/textarea'.</msg>
<status status="PASS" starttime="20220413 16:52:21.351" endtime="20220413 16:52:21.407"/>
</kw>
<status status="PASS" starttime="20220413 16:52:21.351" endtime="20220413 16:52:21.407"/>
</kw>
<status status="PASS" starttime="20220413 16:52:21.147" endtime="20220413 16:52:21.407"/>
</kw>
<kw name="Submit Empty" library="FormApp">
<kw name="Click Button" library="SeleniumLibrary">
<arg>Оставить заявку</arg>
<doc>Clicks the button identified by ``locator``.</doc>
<msg timestamp="20220413 16:52:21.408" level="INFO">Clicking button 'Оставить заявку'.</msg>
<status status="PASS" starttime="20220413 16:52:21.408" endtime="20220413 16:52:21.517"/>
</kw>
<kw name="Page Should Contain" library="SeleniumLibrary">
<arg>${EMPTY_FIELD_ERROR_MESSAGE}</arg>
<doc>Verifies that current page contains ``text``.</doc>
<msg timestamp="20220413 16:52:21.529" level="INFO">Current page contains text 'Запонлите поле'.</msg>
<status status="PASS" starttime="20220413 16:52:21.517" endtime="20220413 16:52:21.529"/>
</kw>
<status status="PASS" starttime="20220413 16:52:21.407" endtime="20220413 16:52:21.529"/>
</kw>
<kw name="End Web Test" library="common" type="TEARDOWN">
<kw name="Close Browser" library="SeleniumLibrary">
<doc>Closes the current browser.</doc>
<status status="PASS" starttime="20220413 16:52:21.530" endtime="20220413 16:52:23.571"/>
</kw>
<status status="PASS" starttime="20220413 16:52:21.530" endtime="20220413 16:52:23.572"/>
</kw>
<status status="PASS" starttime="20220413 16:52:19.470" endtime="20220413 16:52:23.573"/>
</test>
<test id="s1-t6" name="Submit with space in name">
<kw name="Begin Web Test" library="common" type="SETUP">
<kw name="Open Browser" library="SeleniumLibrary">
<arg>about:blank</arg>
<arg>${BROWSER}</arg>
<doc>Opens a new browser instance to the optional ``url``.</doc>
<msg timestamp="20220413 16:52:23.579" level="INFO">Opening browser 'headlesschrome' to base url 'about:blank'.</msg>
<status status="PASS" starttime="20220413 16:52:23.579" endtime="20220413 16:52:24.912"/>
</kw>
<kw name="Maximize Browser Window" library="SeleniumLibrary">
<doc>Maximizes current browser window.</doc>
<status status="PASS" starttime="20220413 16:52:24.912" endtime="20220413 16:52:25.019"/>
</kw>
<status status="PASS" starttime="20220413 16:52:23.578" endtime="20220413 16:52:25.019"/>
</kw>
<kw name="Open Form" library="FormApp">
<kw name="Go To" library="SeleniumLibrary">
<arg>${URL}</arg>
<doc>Navigates the current browser window to the provided ``url``.</doc>
<msg timestamp="20220413 16:52:25.021" level="INFO">Opening url 'http://test-form.sibirix.ru/'</msg>
<status status="PASS" starttime="20220413 16:52:25.020" endtime="20220413 16:52:25.212"/>
</kw>
<kw name="Wait Until Page Contains" library="SeleniumLibrary">
<arg>Представьтесь, пожалуйста</arg>
<doc>Waits until ``text`` appears on the current page.</doc>
<status status="PASS" starttime="20220413 16:52:25.212" endtime="20220413 16:52:25.222"/>
</kw>
<status status="PASS" starttime="20220413 16:52:25.020" endtime="20220413 16:52:25.222"/>
</kw>
<kw name="Fill Data" library="FormApp">
<arg>${SPACE}</arg>
<arg>${Correct_email}</arg>
<arg>${Correct_phone}</arg>
<arg>${Correct_about}</arg>
<kw name="Fill Name Field" library="FormApp">
<arg>${Name}</arg>
<kw name="Input Text" library="SeleniumLibrary">
<arg>${NAME_FIELD}</arg>
<arg>${Name}</arg>
<doc>Types the given ``text`` into the text field identified by ``locator``.</doc>
<msg timestamp="20220413 16:52:25.223" level="INFO">Typing text ' ' into text field 'xpath=/html/body/div[1]/div/form/label[1]/input'.</msg>
<status status="PASS" starttime="20220413 16:52:25.223" endtime="20220413 16:52:25.284"/>
</kw>
<status status="PASS" starttime="20220413 16:52:25.223" endtime="20220413 16:52:25.284"/>
</kw>
<kw name="Fill Email Field" library="FormApp">
<arg>${Email}</arg>
<kw name="Input Text" library="SeleniumLibrary">
<arg>${EMAIL_FIELD}</arg>
<arg>${Email}</arg>
<doc>Types the given ``text`` into the text field identified by ``locator``.</doc>
<msg timestamp="20220413 16:52:25.284" level="INFO">Typing text 'karl@gmail.com' into text field 'xpath=/html/body/div[1]/div/form/label[2]/input'.</msg>
<status status="PASS" starttime="20220413 16:52:25.284" endtime="20220413 16:52:25.354"/>
</kw>
<status status="PASS" starttime="20220413 16:52:25.284" endtime="20220413 16:52:25.354"/>
</kw>
<kw name="Fill Phone Field" library="FormApp">
<arg>${Phone}</arg>
<kw name="Input Text" library="SeleniumLibrary">
<arg>${PHONE_FIELD}</arg>
<arg>${Phone}</arg>
<doc>Types the given ``text`` into the text field identified by ``locator``.</doc>
<msg timestamp="20220413 16:52:25.355" level="INFO">Typing text '89997897898' into text field 'xpath=/html/body/div[1]/div/form/label[3]/input'.</msg>
<status status="PASS" starttime="20220413 16:52:25.354" endtime="20220413 16:52:25.419"/>
</kw>
<status status="PASS" starttime="20220413 16:52:25.354" endtime="20220413 16:52:25.420"/>
</kw>
<kw name="Fill About Project Field" library="FormApp">
<arg>${About}</arg>
<kw name="Input Text" library="SeleniumLibrary">
<arg>${ABOUT_FIELD}</arg>
<arg>${About}</arg>
<doc>Types the given ``text`` into the text field identified by ``locator``.</doc>
<msg timestamp="20220413 16:52:25.420" level="INFO">Typing text 'Хороший проект' into text field 'xpath=/html/body/div[1]/div/form/label[4]/textarea'.</msg>
<status status="PASS" starttime="20220413 16:52:25.420" endtime="20220413 16:52:25.485"/>
</kw>
<status status="PASS" starttime="20220413 16:52:25.420" endtime="20220413 16:52:25.485"/>
</kw>
<status status="PASS" starttime="20220413 16:52:25.222" endtime="20220413 16:52:25.485"/>
</kw>
<kw name="Submit Empty" library="FormApp">
<kw name="Click Button" library="SeleniumLibrary">
<arg>Оставить заявку</arg>
<doc>Clicks the button identified by ``locator``.</doc>
<msg timestamp="20220413 16:52:25.486" level="INFO">Clicking button 'Оставить заявку'.</msg>
<status status="PASS" starttime="20220413 16:52:25.486" endtime="20220413 16:52:25.621"/>
</kw>
<kw name="Page Should Contain" library="SeleniumLibrary">
<arg>${EMPTY_FIELD_ERROR_MESSAGE}</arg>
<doc>Verifies that current page contains ``text``.</doc>
<msg timestamp="20220413 16:52:25.722" level="INFO" html="true">&lt;/td&gt;&lt;/tr&gt;&lt;tr&gt;&lt;td colspan="3"&gt;&lt;a href="selenium-screenshot-1.png"&gt;&lt;img src="selenium-screenshot-1.png" width="800px"&gt;&lt;/a&gt;</msg>
<msg timestamp="20220413 16:52:25.725" level="FAIL">Page should have contained text 'Запонлите поле' but did not.</msg>
<status status="FAIL" starttime="20220413 16:52:25.622" endtime="20220413 16:52:25.725"/>
</kw>
<status status="FAIL" starttime="20220413 16:52:25.486" endtime="20220413 16:52:25.726"/>
</kw>
<kw name="End Web Test" library="common" type="TEARDOWN">
<kw name="Close Browser" library="SeleniumLibrary">
<doc>Closes the current browser.</doc>
<status status="PASS" starttime="20220413 16:52:25.727" endtime="20220413 16:52:27.782"/>
</kw>
<status status="PASS" starttime="20220413 16:52:25.726" endtime="20220413 16:52:27.783"/>
</kw>
<status status="FAIL" starttime="20220413 16:52:23.576" endtime="20220413 16:52:27.784">Page should have contained text 'Запонлите поле' but did not.</status>
</test>
<test id="s1-t7" name="Submit with space in email">
<kw name="Begin Web Test" library="common" type="SETUP">
<kw name="Open Browser" library="SeleniumLibrary">
<arg>about:blank</arg>
<arg>${BROWSER}</arg>
<doc>Opens a new browser instance to the optional ``url``.</doc>
<msg timestamp="20220413 16:52:27.792" level="INFO">Opening browser 'headlesschrome' to base url 'about:blank'.</msg>
<status status="PASS" starttime="20220413 16:52:27.791" endtime="20220413 16:52:29.138"/>
</kw>
<kw name="Maximize Browser Window" library="SeleniumLibrary">
<doc>Maximizes current browser window.</doc>
<status status="PASS" starttime="20220413 16:52:29.138" endtime="20220413 16:52:29.261"/>
</kw>
<status status="PASS" starttime="20220413 16:52:27.790" endtime="20220413 16:52:29.262"/>
</kw>
<kw name="Open Form" library="FormApp">
<kw name="Go To" library="SeleniumLibrary">
<arg>${URL}</arg>
<doc>Navigates the current browser window to the provided ``url``.</doc>
<msg timestamp="20220413 16:52:29.265" level="INFO">Opening url 'http://test-form.sibirix.ru/'</msg>
<status status="PASS" starttime="20220413 16:52:29.265" endtime="20220413 16:52:29.449"/>
</kw>
<kw name="Wait Until Page Contains" library="SeleniumLibrary">
<arg>Представьтесь, пожалуйста</arg>
<doc>Waits until ``text`` appears on the current page.</doc>
<status status="PASS" starttime="20220413 16:52:29.450" endtime="20220413 16:52:29.460"/>
</kw>
<status status="PASS" starttime="20220413 16:52:29.263" endtime="20220413 16:52:29.460"/>
</kw>
<kw name="Fill Data" library="FormApp">
<arg>${Correct_name}</arg>
<arg>${SPACE}</arg>
<arg>${Correct_phone}</arg>
<arg>${Correct_about}</arg>
<kw name="Fill Name Field" library="FormApp">
<arg>${Name}</arg>
<kw name="Input Text" library="SeleniumLibrary">
<arg>${NAME_FIELD}</arg>
<arg>${Name}</arg>
<doc>Types the given ``text`` into the text field identified by ``locator``.</doc>
<msg timestamp="20220413 16:52:29.462" level="INFO">Typing text 'Вася' into text field 'xpath=/html/body/div[1]/div/form/label[1]/input'.</msg>
<status status="PASS" starttime="20220413 16:52:29.462" endtime="20220413 16:52:29.528"/>
</kw>
<status status="PASS" starttime="20220413 16:52:29.461" endtime="20220413 16:52:29.528"/>
</kw>
<kw name="Fill Email Field" library="FormApp">
<arg>${Email}</arg>
<kw name="Input Text" library="SeleniumLibrary">
<arg>${EMAIL_FIELD}</arg>
<arg>${Email}</arg>
<doc>Types the given ``text`` into the text field identified by ``locator``.</doc>
<msg timestamp="20220413 16:52:29.529" level="INFO">Typing text ' ' into text field 'xpath=/html/body/div[1]/div/form/label[2]/input'.</msg>
<status status="PASS" starttime="20220413 16:52:29.528" endtime="20220413 16:52:29.592"/>
</kw>
<status status="PASS" starttime="20220413 16:52:29.528" endtime="20220413 16:52:29.592"/>
</kw>
<kw name="Fill Phone Field" library="FormApp">
<arg>${Phone}</arg>
<kw name="Input Text" library="SeleniumLibrary">
<arg>${PHONE_FIELD}</arg>
<arg>${Phone}</arg>
<doc>Types the given ``text`` into the text field identified by ``locator``.</doc>
<msg timestamp="20220413 16:52:29.593" level="INFO">Typing text '89997897898' into text field 'xpath=/html/body/div[1]/div/form/label[3]/input'.</msg>
<status status="PASS" starttime="20220413 16:52:29.593" endtime="20220413 16:52:29.674"/>
</kw>
<status status="PASS" starttime="20220413 16:52:29.593" endtime="20220413 16:52:29.674"/>
</kw>
<kw name="Fill About Project Field" library="FormApp">
<arg>${About}</arg>
<kw name="Input Text" library="SeleniumLibrary">
<arg>${ABOUT_FIELD}</arg>
<arg>${About}</arg>
<doc>Types the given ``text`` into the text field identified by ``locator``.</doc>
<msg timestamp="20220413 16:52:29.675" level="INFO">Typing text 'Хороший проект' into text field 'xpath=/html/body/div[1]/div/form/label[4]/textarea'.</msg>
<status status="PASS" starttime="20220413 16:52:29.675" endtime="20220413 16:52:29.749"/>
</kw>
<status status="PASS" starttime="20220413 16:52:29.674" endtime="20220413 16:52:29.749"/>
</kw>
<status status="PASS" starttime="20220413 16:52:29.461" endtime="20220413 16:52:29.749"/>
</kw>
<kw name="Submit Empty" library="FormApp">
<kw name="Click Button" library="SeleniumLibrary">
<arg>Оставить заявку</arg>
<doc>Clicks the button identified by ``locator``.</doc>
<msg timestamp="20220413 16:52:29.750" level="INFO">Clicking button 'Оставить заявку'.</msg>
<status status="PASS" starttime="20220413 16:52:29.749" endtime="20220413 16:52:29.808"/>
</kw>
<kw name="Page Should Contain" library="SeleniumLibrary">
<arg>${EMPTY_FIELD_ERROR_MESSAGE}</arg>
<doc>Verifies that current page contains ``text``.</doc>
<msg timestamp="20220413 16:52:29.887" level="INFO" html="true">&lt;/td&gt;&lt;/tr&gt;&lt;tr&gt;&lt;td colspan="3"&gt;&lt;a href="selenium-screenshot-2.png"&gt;&lt;img src="selenium-screenshot-2.png" width="800px"&gt;&lt;/a&gt;</msg>
<msg timestamp="20220413 16:52:29.888" level="FAIL">Page should have contained text 'Запонлите поле' but did not.</msg>
<status status="FAIL" starttime="20220413 16:52:29.808" endtime="20220413 16:52:29.888"/>
</kw>
<status status="FAIL" starttime="20220413 16:52:29.749" endtime="20220413 16:52:29.889"/>
</kw>
<kw name="End Web Test" library="common" type="TEARDOWN">
<kw name="Close Browser" library="SeleniumLibrary">
<doc>Closes the current browser.</doc>
<status status="PASS" starttime="20220413 16:52:29.890" endtime="20220413 16:52:31.947"/>
</kw>
<status status="PASS" starttime="20220413 16:52:29.890" endtime="20220413 16:52:31.948"/>
</kw>
<status status="FAIL" starttime="20220413 16:52:27.789" endtime="20220413 16:52:31.948">Page should have contained text 'Запонлите поле' but did not.</status>
</test>
<test id="s1-t8" name="Submit with space in phone">
<kw name="Begin Web Test" library="common" type="SETUP">
<kw name="Open Browser" library="SeleniumLibrary">
<arg>about:blank</arg>
<arg>${BROWSER}</arg>
<doc>Opens a new browser instance to the optional ``url``.</doc>
<msg timestamp="20220413 16:52:31.950" level="INFO">Opening browser 'headlesschrome' to base url 'about:blank'.</msg>
<status status="PASS" starttime="20220413 16:52:31.950" endtime="20220413 16:52:33.266"/>
</kw>
<kw name="Maximize Browser Window" library="SeleniumLibrary">
<doc>Maximizes current browser window.</doc>
<status status="PASS" starttime="20220413 16:52:33.266" endtime="20220413 16:52:33.383"/>
</kw>
<status status="PASS" starttime="20220413 16:52:31.950" endtime="20220413 16:52:33.383"/>
</kw>
<kw name="Open Form" library="FormApp">
<kw name="Go To" library="SeleniumLibrary">
<arg>${URL}</arg>
<doc>Navigates the current browser window to the provided ``url``.</doc>
<msg timestamp="20220413 16:52:33.387" level="INFO">Opening url 'http://test-form.sibirix.ru/'</msg>
<status status="PASS" starttime="20220413 16:52:33.386" endtime="20220413 16:52:33.560"/>
</kw>
<kw name="Wait Until Page Contains" library="SeleniumLibrary">
<arg>Представьтесь, пожалуйста</arg>
<doc>Waits until ``text`` appears on the current page.</doc>
<status status="PASS" starttime="20220413 16:52:33.561" endtime="20220413 16:52:33.571"/>
</kw>
<status status="PASS" starttime="20220413 16:52:33.385" endtime="20220413 16:52:33.571"/>
</kw>
<kw name="Fill Data" library="FormApp">
<arg>${Correct_name}</arg>
<arg>${Correct_email}</arg>
<arg>${SPACE}</arg>
<arg>${Correct_about}</arg>
<kw name="Fill Name Field" library="FormApp">
<arg>${Name}</arg>
<kw name="Input Text" library="SeleniumLibrary">
<arg>${NAME_FIELD}</arg>
<arg>${Name}</arg>
<doc>Types the given ``text`` into the text field identified by ``locator``.</doc>
<msg timestamp="20220413 16:52:33.573" level="INFO">Typing text 'Вася' into text field 'xpath=/html/body/div[1]/div/form/label[1]/input'.</msg>
<status status="PASS" starttime="20220413 16:52:33.573" endtime="20220413 16:52:33.644"/>
</kw>
<status status="PASS" starttime="20220413 16:52:33.572" endtime="20220413 16:52:33.645"/>
</kw>
<kw name="Fill Email Field" library="FormApp">
<arg>${Email}</arg>
<kw name="Input Text" library="SeleniumLibrary">
<arg>${EMAIL_FIELD}</arg>
<arg>${Email}</arg>
<doc>Types the given ``text`` into the text field identified by ``locator``.</doc>
<msg timestamp="20220413 16:52:33.646" level="INFO">Typing text 'karl@gmail.com' into text field 'xpath=/html/body/div[1]/div/form/label[2]/input'.</msg>
<status status="PASS" starttime="20220413 16:52:33.645" endtime="20220413 16:52:33.724"/>
</kw>
<status status="PASS" starttime="20220413 16:52:33.645" endtime="20220413 16:52:33.724"/>
</kw>
<kw name="Fill Phone Field" library="FormApp">
<arg>${Phone}</arg>
<kw name="Input Text" library="SeleniumLibrary">
<arg>${PHONE_FIELD}</arg>
<arg>${Phone}</arg>
<doc>Types the given ``text`` into the text field identified by ``locator``.</doc>
<msg timestamp="20220413 16:52:33.725" level="INFO">Typing text ' ' into text field 'xpath=/html/body/div[1]/div/form/label[3]/input'.</msg>
<status status="PASS" starttime="20220413 16:52:33.725" endtime="20220413 16:52:33.787"/>
</kw>
<status status="PASS" starttime="20220413 16:52:33.724" endtime="20220413 16:52:33.787"/>
</kw>
<kw name="Fill About Project Field" library="FormApp">
<arg>${About}</arg>
<kw name="Input Text" library="SeleniumLibrary">
<arg>${ABOUT_FIELD}</arg>
<arg>${About}</arg>
<doc>Types the given ``text`` into the text field identified by ``locator``.</doc>
<msg timestamp="20220413 16:52:33.788" level="INFO">Typing text 'Хороший проект' into text field 'xpath=/html/body/div[1]/div/form/label[4]/textarea'.</msg>
<status status="PASS" starttime="20220413 16:52:33.788" endtime="20220413 16:52:33.854"/>
</kw>
<status status="PASS" starttime="20220413 16:52:33.787" endtime="20220413 16:52:33.854"/>
</kw>
<status status="PASS" starttime="20220413 16:52:33.572" endtime="20220413 16:52:33.854"/>
</kw>
<kw name="Submit Empty" library="FormApp">
<kw name="Click Button" library="SeleniumLibrary">
<arg>Оставить заявку</arg>
<doc>Clicks the button identified by ``locator``.</doc>
<msg timestamp="20220413 16:52:33.855" level="INFO">Clicking button 'Оставить заявку'.</msg>
<status status="PASS" starttime="20220413 16:52:33.855" endtime="20220413 16:52:33.974"/>
</kw>
<kw name="Page Should Contain" library="SeleniumLibrary">
<arg>${EMPTY_FIELD_ERROR_MESSAGE}</arg>
<doc>Verifies that current page contains ``text``.</doc>
<msg timestamp="20220413 16:52:34.037" level="INFO" html="true">&lt;/td&gt;&lt;/tr&gt;&lt;tr&gt;&lt;td colspan="3"&gt;&lt;a href="selenium-screenshot-3.png"&gt;&lt;img src="selenium-screenshot-3.png" width="800px"&gt;&lt;/a&gt;</msg>
<msg timestamp="20220413 16:52:34.038" level="FAIL">Page should have contained text 'Запонлите поле' but did not.</msg>
<status status="FAIL" starttime="20220413 16:52:33.974" endtime="20220413 16:52:34.038"/>
</kw>
<status status="FAIL" starttime="20220413 16:52:33.855" endtime="20220413 16:52:34.039"/>
</kw>
<kw name="End Web Test" library="common" type="TEARDOWN">
<kw name="Close Browser" library="SeleniumLibrary">
<doc>Closes the current browser.</doc>
<status status="PASS" starttime="20220413 16:52:34.041" endtime="20220413 16:52:36.114"/>
</kw>
<status status="PASS" starttime="20220413 16:52:34.040" endtime="20220413 16:52:36.115"/>
</kw>
<status status="FAIL" starttime="20220413 16:52:31.949" endtime="20220413 16:52:36.133">Page should have contained text 'Запонлите поле' but did not.</status>
</test>
<test id="s1-t9" name="Submit with space in about">
<kw name="Begin Web Test" library="common" type="SETUP">
<kw name="Open Browser" library="SeleniumLibrary">
<arg>about:blank</arg>
<arg>${BROWSER}</arg>
<doc>Opens a new browser instance to the optional ``url``.</doc>
<msg timestamp="20220413 16:52:36.144" level="INFO">Opening browser 'headlesschrome' to base url 'about:blank'.</msg>
<status status="PASS" starttime="20220413 16:52:36.143" endtime="20220413 16:52:37.582"/>
</kw>
<kw name="Maximize Browser Window" library="SeleniumLibrary">
<doc>Maximizes current browser window.</doc>
<status status="PASS" starttime="20220413 16:52:37.582" endtime="20220413 16:52:37.702"/>
</kw>
<status status="PASS" starttime="20220413 16:52:36.142" endtime="20220413 16:52:37.702"/>
</kw>
<kw name="Open Form" library="FormApp">
<kw name="Go To" library="SeleniumLibrary">
<arg>${URL}</arg>
<doc>Navigates the current browser window to the provided ``url``.</doc>
<msg timestamp="20220413 16:52:37.706" level="INFO">Opening url 'http://test-form.sibirix.ru/'</msg>
<status status="PASS" starttime="20220413 16:52:37.705" endtime="20220413 16:52:37.907"/>
</kw>
<kw name="Wait Until Page Contains" library="SeleniumLibrary">
<arg>Представьтесь, пожалуйста</arg>
<doc>Waits until ``text`` appears on the current page.</doc>
<status status="PASS" starttime="20220413 16:52:37.907" endtime="20220413 16:52:37.917"/>
</kw>
<status status="PASS" starttime="20220413 16:52:37.704" endtime="20220413 16:52:37.918"/>
</kw>
<kw name="Fill Data" library="FormApp">
<arg>${Correct_name}</arg>
<arg>${Correct_email}</arg>
<arg>${Correct_phone}</arg>
<arg>${SPACE}</arg>
<kw name="Fill Name Field" library="FormApp">
<arg>${Name}</arg>
<kw name="Input Text" library="SeleniumLibrary">
<arg>${NAME_FIELD}</arg>
<arg>${Name}</arg>
<doc>Types the given ``text`` into the text field identified by ``locator``.</doc>
<msg timestamp="20220413 16:52:37.919" level="INFO">Typing text 'Вася' into text field 'xpath=/html/body/div[1]/div/form/label[1]/input'.</msg>
<status status="PASS" starttime="20220413 16:52:37.919" endtime="20220413 16:52:37.983"/>
</kw>
<status status="PASS" starttime="20220413 16:52:37.919" endtime="20220413 16:52:37.983"/>
</kw>
<kw name="Fill Email Field" library="FormApp">
<arg>${Email}</arg>
<kw name="Input Text" library="SeleniumLibrary">
<arg>${EMAIL_FIELD}</arg>
<arg>${Email}</arg>
<doc>Types the given ``text`` into the text field identified by ``locator``.</doc>
<msg timestamp="20220413 16:52:37.984" level="INFO">Typing text 'karl@gmail.com' into text field 'xpath=/html/body/div[1]/div/form/label[2]/input'.</msg>
<status status="PASS" starttime="20220413 16:52:37.983" endtime="20220413 16:52:38.053"/>
</kw>
<status status="PASS" starttime="20220413 16:52:37.983" endtime="20220413 16:52:38.054"/>
</kw>
<kw name="Fill Phone Field" library="FormApp">
<arg>${Phone}</arg>
<kw name="Input Text" library="SeleniumLibrary">
<arg>${PHONE_FIELD}</arg>
<arg>${Phone}</arg>
<doc>Types the given ``text`` into the text field identified by ``locator``.</doc>
<msg timestamp="20220413 16:52:38.054" level="INFO">Typing text '89997897898' into text field 'xpath=/html/body/div[1]/div/form/label[3]/input'.</msg>
<status status="PASS" starttime="20220413 16:52:38.054" endtime="20220413 16:52:38.120"/>
</kw>
<status status="PASS" starttime="20220413 16:52:38.054" endtime="20220413 16:52:38.121"/>
</kw>
<kw name="Fill About Project Field" library="FormApp">
<arg>${About}</arg>
<kw name="Input Text" library="SeleniumLibrary">
<arg>${ABOUT_FIELD}</arg>
<arg>${About}</arg>
<doc>Types the given ``text`` into the text field identified by ``locator``.</doc>
<msg timestamp="20220413 16:52:38.122" level="INFO">Typing text ' ' into text field 'xpath=/html/body/div[1]/div/form/label[4]/textarea'.</msg>
<status status="PASS" starttime="20220413 16:52:38.121" endtime="20220413 16:52:38.183"/>
</kw>
<status status="PASS" starttime="20220413 16:52:38.121" endtime="20220413 16:52:38.183"/>
</kw>
<status status="PASS" starttime="20220413 16:52:37.918" endtime="20220413 16:52:38.183"/>
</kw>
<kw name="Submit Empty" library="FormApp">
<kw name="Click Button" library="SeleniumLibrary">
<arg>Оставить заявку</arg>
<doc>Clicks the button identified by ``locator``.</doc>
<msg timestamp="20220413 16:52:38.184" level="INFO">Clicking button 'Оставить заявку'.</msg>
<status status="PASS" starttime="20220413 16:52:38.184" endtime="20220413 16:52:38.332"/>
</kw>
<kw name="Page Should Contain" library="SeleniumLibrary">
<arg>${EMPTY_FIELD_ERROR_MESSAGE}</arg>
<doc>Verifies that current page contains ``text``.</doc>
<msg timestamp="20220413 16:52:38.444" level="INFO" html="true">&lt;/td&gt;&lt;/tr&gt;&lt;tr&gt;&lt;td colspan="3"&gt;&lt;a href="selenium-screenshot-4.png"&gt;&lt;img src="selenium-screenshot-4.png" width="800px"&gt;&lt;/a&gt;</msg>
<msg timestamp="20220413 16:52:38.445" level="FAIL">Page should have contained text 'Запонлите поле' but did not.</msg>
<status status="FAIL" starttime="20220413 16:52:38.332" endtime="20220413 16:52:38.445"/>
</kw>
<status status="FAIL" starttime="20220413 16:52:38.184" endtime="20220413 16:52:38.446"/>
</kw>
<kw name="End Web Test" library="common" type="TEARDOWN">
<kw name="Close Browser" library="SeleniumLibrary">
<doc>Closes the current browser.</doc>
<status status="PASS" starttime="20220413 16:52:38.447" endtime="20220413 16:52:40.511"/>
</kw>
<status status="PASS" starttime="20220413 16:52:38.446" endtime="20220413 16:52:40.512"/>
</kw>
<status status="FAIL" starttime="20220413 16:52:36.139" endtime="20220413 16:52:40.513">Page should have contained text 'Запонлите поле' but did not.</status>
</test>
<doc>Tests for for on http://test-form.sibirix.ru/</doc>
<status status="FAIL" starttime="20220413 16:52:02.929" endtime="20220413 16:52:40.520"/>
</suite>
<statistics>
<total>
<stat pass="5" fail="4" skip="0">All Tests</stat>
</total>
<tag>
</tag>
<suite>
<stat pass="5" fail="4" skip="0" id="s1" name="Form">Form</stat>
</suite>
</statistics>
<errors>
</errors>
</robot>
